

*******************************************************************************
Mon Sep 25 16:58:31 2017


FIT:    data read from "efic.txt"
        format = z
        #datapoints = 38
        residuals are weighted equally (unit weight)

function used for fitting: f(x)
fitted parameters initialized with current variable values



*******************************************************************************
Mon Sep 25 16:58:38 2017


FIT:    data read from 'efic.txt'
        format = z
        #datapoints = 38
        residuals are weighted equally (unit weight)

function used for fitting: f(x)
fitted parameters initialized with current variable values



*******************************************************************************
Mon Sep 25 16:58:53 2017


FIT:    data read from 'efic.txt'
        format = z
        #datapoints = 38
        residuals are weighted equally (unit weight)

function used for fitting: f(x)
	f(x) = a*x**2 + b*x + c
fitted parameters initialized with current variable values

iter      chisq       delta/lim  lambda   a             b             c            
   0 1.2013396956e+22   0.00e+00  1.03e+10    1.000000e+00   1.000000e+00   1.000000e+00
  13 2.2820411368e+07  -2.44e-03  1.03e-03    3.552587e-06   1.434771e-02  -5.051073e+02

After 13 iterations the fit converged.
final sum of squares of residuals : 2.28204e+07
rel. change during last iteration : -2.44075e-08

degrees of freedom    (FIT_NDF)                        : 35
rms of residuals      (FIT_STDFIT) = sqrt(WSSR/ndf)    : 807.472
variance of residuals (reduced chisquare) = WSSR/ndf   : 652012

Final set of parameters            Asymptotic Standard Error
=======================            ==========================
a               = 3.55259e-06      +/- 4.877e-08    (1.373%)
b               = 0.0143477        +/- 0.01028      (71.64%)
c               = -505.107         +/- 459.2        (90.92%)

correlation matrix of the fit parameters:
                a      b      c      
a               1.000 
b              -0.973  1.000 
c               0.796 -0.899  1.000 


*******************************************************************************
Mon Sep 25 17:02:49 2017


FIT:    data read from 'efic.txt'
        format = z
        #datapoints = 38
        residuals are weighted equally (unit weight)

function used for fitting: g(x)
	g(x) = a * x + b
fitted parameters initialized with current variable values

iter      chisq       delta/lim  lambda   a             b             c            
   0 1.5760847990e+11   0.00e+00  2.39e-01    3.552587e-06   1.434771e-02  -5.051073e+02
BREAK: Singular matrix in Invert_RtR

*******************************************************************************
Mon Sep 25 17:10:51 2017


FIT:    data read from 'hanoi.txt'
        format = z
        #datapoints = 16
        residuals are weighted equally (unit weight)

function used for fitting: g(x)
	g(x) = x ^ n
fitted parameters initialized with current variable values



*******************************************************************************
Mon Sep 25 17:21:42 2017


FIT:    data read from 'hanoi.txt'
        format = z
        #datapoints = 16
        residuals are weighted equally (unit weight)

function used for fitting: g(x)
	g(x) = x ^ n
fitted parameters initialized with current variable values

